C019531 - - [12/Jun/2017 10:47:41] "GET / HTTP/1.1" 200 -
C019531 - - [12/Jun/2017 11:04:36] "GET / HTTP/1.1" 200 -
C019531 - - [12/Jun/2017 11:04:37] "GET /favicon.ico HTTP/1.1" 404 -
- - - [12/Jun/2017:11:14:03 +0000] Execution Initiated
C019531 - - [12/Jun/2017 11:14:14] "GET / HTTP/1.1" 200 -
C019531 - - [12/Jun/2017 11:14:14] "GET /favicon.ico HTTP/1.1" 404 -
C019531 - - [12/Jun/2017 11:14:19] "GET /status HTTP/1.1" 404 -
- - - [12/Jun/2017:11:14:22 +0000] Execution Terminated
- - - [12/Jun/2017:11:15:15 +0000] "Execution Initiated" - -
- - - [12/Jun/2017:11:15:25 +0000] "Execution Terminated" - -
- - - [12/Jun/2017 11:17:19] "Execution Initiated" - -
- - - [12/Jun/2017 11:17:37] "Execution Terminated" - -
- - - [12/Jun/2017 11:48:44] "Execution Initiated" - -
- - - [12/Jun/2017 11:48:55] "Execution Terminated" - -
- - - [12/Jun/2017 11:53:52] "Failed to connect to database" - -
- - - [12/Jun/2017 11:53:52] "Execution Initiated" - -
- - - [12/Jun/2017 11:54:15] "Execution Terminated" - -
- - - [12/Jun/2017 12:17:08] "Failed to connect to database" - -
- - - [12/Jun/2017 12:17:08] "Execution Initiated" - -
C019531 - - [12/Jun/2017 12:17:14] "GET /status HTTP/1.1" 404 -
C019531 - - [12/Jun/2017 12:17:14] "GET /favicon.ico HTTP/1.1" 404 -
- - - [12/Jun/2017 12:17:25] "Execution Terminated" - -
- - - [12/Jun/2017 12:18:02] "Failed to connect to database" - -
- - - [12/Jun/2017 12:18:02] "Execution Initiated" - -
- - - [12/Jun/2017 12:18:36] "Execution Terminated" - -
- - - [12/Jun/2017 12:19:02] "Failed to connect to database" - -
- - - [12/Jun/2017 12:19:02] "Execution Initiated" - -
- - - [12/Jun/2017 12:20:23] "Execution Terminated" - -
- - - [12/Jun/2017 12:26:37] "no database found, creating" - -
- - - [12/Jun/2017 12:26:37] "Execution Initiated" - -
- - - [12/Jun/2017 12:26:55] "Execution Terminated" - -
- - - [12/Jun/2017 12:29:11] "no database found, creating" - -
- - - [12/Jun/2017 12:29:11] "Execution Initiated" - -
- - - [12/Jun/2017 12:29:20] "Execution Terminated" - -
- - - [12/Jun/2017 12:29:38] "no database found, creating" - -
- - - [12/Jun/2017 12:29:38] "Execution Initiated" - -
- - - [12/Jun/2017 12:29:40] "Execution Terminated" - -
- - - [12/Jun/2017 12:29:58] "no database found, creating" - -
- - - [12/Jun/2017 12:29:58] "Execution Initiated" - -
- - - [12/Jun/2017 12:30:00] "Execution Terminated" - -
- - - [12/Jun/2017 12:31:23] "Execution Initiated" - -
- - - [12/Jun/2017 13:34:40] "Execution Terminated" - -
- - - [12/Jun/2017 13:43:30] "Execution Initiated" - -
- - - [12/Jun/2017 13:43:47] "Execution Terminated" - -
- - - [12/Jun/2017 13:44:35] "Execution Initiated" - -
C019531 - - [12/Jun/2017 13:44:38] "GET /dados HTTP/1.1" 200 -
C019531 - - [12/Jun/2017 13:44:38] "GET /favicon.ico HTTP/1.1" 404 -
- - - [12/Jun/2017 13:50:45] "Execution Terminated" - -
- - - [12/Jun/2017 13:52:55] "Execution Initiated" - -
C019531 - - [12/Jun/2017 13:52:59] "GET /dados HTTP/1.1" 200 -
- - - [12/Jun/2017 13:54:03] "Execution Terminated" - -
- - - [12/Jun/2017 13:54:18] "Execution Initiated" - -
C019531 - - [12/Jun/2017 13:54:24] "GET /dados HTTP/1.1" 200 -
C019531 - - [12/Jun/2017 13:54:24] "GET /favicon.ico HTTP/1.1" 404 -
- - - [12/Jun/2017 13:55:24] "Execution Terminated" - -
- - - [12/Jun/2017 13:55:46] "Execution Initiated" - -
C019531 - - [12/Jun/2017 13:55:50] "GET /dados HTTP/1.1" 200 -
C019531 - - [12/Jun/2017 13:55:50] "GET /favicon.ico HTTP/1.1" 404 -
- - - [12/Jun/2017 13:56:04] "Execution Terminated" - -
- - - [12/Jun/2017 13:56:17] "Execution Initiated" - -
C019531 - - [12/Jun/2017 13:56:21] "GET /dados HTTP/1.1" 200 -
C019531 - - [12/Jun/2017 13:56:21] "GET /favicon.ico HTTP/1.1" 404 -
- - - [12/Jun/2017 13:57:15] "Execution Terminated" - -
- - - [12/Jun/2017 14:41:52] "Execution Initiated" - -
C019531 - - [12/Jun/2017 14:41:54] "GET / HTTP/1.1" 200 -
C019531 - - [12/Jun/2017 14:42:09] "GET / HTTP/1.1" 200 -
C019531 - - [12/Jun/2017 14:42:19] "GET /index.html HTTP/1.1" 404 -
- - - [12/Jun/2017 14:42:22] "Execution Terminated" - -
- - - [12/Jun/2017 14:43:04] "Execution Initiated" - -
C019531 - - [12/Jun/2017 14:43:08] "GET /index.html HTTP/1.1" 404 -
C019531 - - [12/Jun/2017 14:43:08] "GET /favicon.ico HTTP/1.1" 404 -
C019531 - - [12/Jun/2017 14:43:12] "GET / HTTP/1.1" 200 -
C019531 - - [12/Jun/2017 14:43:26] "GET /dados HTTP/1.1" 200 -
- - - [12/Jun/2017 14:43:33] "Execution Terminated" - -
- - - [12/Jun/2017 14:48:17] "Execution Initiated" - -
C019531 - - [12/Jun/2017 14:48:22] "GET / HTTP/1.1" 200 -
- - - [12/Jun/2017 14:49:46] "Execution Terminated" - -
- - - [12/Jun/2017 14:51:51] "Execution Initiated" - -
C019531 - - [12/Jun/2017 14:51:55] "GET / HTTP/1.1" 200 -
C019531 - - [12/Jun/2017 14:52:14] "GET /index.html HTTP/1.1" 404 -
- - - [12/Jun/2017 14:52:28] "Execution Terminated" - -
- - - [12/Jun/2017 14:52:31] "Execution Initiated" - -
C019531 - - [12/Jun/2017 14:52:39] "GET / HTTP/1.1" 200 -
- - - [12/Jun/2017 14:52:46] "Execution Terminated" - -
- - - [12/Jun/2017 14:53:01] "Execution Initiated" - -
C019531 - - [12/Jun/2017 14:53:05] "GET / HTTP/1.1" 404 -
C019531 - - [12/Jun/2017 14:53:08] "GET / HTTP/1.1" 404 -
- - - [12/Jun/2017 14:53:10] "Execution Terminated" - -
- - - [12/Jun/2017 14:53:30] "Execution Initiated" - -
C019531 - - [12/Jun/2017 14:53:35] "GET /status HTTP/1.1" 200 -
C019531 - - [12/Jun/2017 14:53:40] "GET /dados HTTP/1.1" 200 -
C019531 - - [12/Jun/2017 14:53:45] "GET / HTTP/1.1" 200 -
- - - [12/Jun/2017 14:56:03] "Execution Terminated" - -
- - - [12/Jun/2017 14:59:55] "Execution Initiated" - -
- - - [12/Jun/2017 15:00:48] "Execution Terminated" - -
- - - [12/Jun/2017 15:01:37] "Execution Initiated" - -
C019531 - - [12/Jun/2017 15:01:41] "GET / HTTP/1.1" 200 -
C019531 - - [12/Jun/2017 15:01:51] "GET /status HTTP/1.1" 200 -
C019531 - - [12/Jun/2017 15:01:56] "GET /dados HTTP/1.1" 200 -
- - - [12/Jun/2017 15:02:02] "Execution Terminated" - -
- - - [12/Jun/2017 15:02:17] "Execution Initiated" - -
C019531 - - [12/Jun/2017 15:02:29] "GET / HTTP/1.1" 200 -
C019531 - - [12/Jun/2017 15:02:44] "GET / HTTP/1.1" 200 -
C019531 - - [12/Jun/2017 15:13:50] "GET / HTTP/1.1" 200 -
C019531 - - [12/Jun/2017 15:14:18] "GET / HTTP/1.1" 200 -
C019531 - - [12/Jun/2017 15:16:03] "GET / HTTP/1.1" 200 -
- - - [12/Jun/2017 15:24:23] "Execution Terminated" - -
- - - [12/Jun/2017 15:27:35] "Execution Initiated" - -
C019531 - - [12/Jun/2017 15:27:42] "GET /dados HTTP/1.1" 200 -
- - - [12/Jun/2017 15:35:12] "Execution Terminated" - -
- - - [12/Jun/2017 16:46:36] "Execution Initiated" - -
C019531 - - [12/Jun/2017 16:46:58] "GET /dados?search=Rio2016&total=10&time=1 HTTP/1.1" 404 -
- - - [12/Jun/2017 16:47:36] "Execution Terminated" - -
- - - [12/Jun/2017 16:53:09] "Execution Initiated" - -
- - - [12/Jun/2017 16:53:26] "Execution Terminated" - -
- - - [12/Jun/2017 16:56:31] "Execution Initiated" - -
- - - [12/Jun/2017 16:56:59] "Execution Terminated" - -
- - - [12/Jun/2017 16:59:18] "Execution Initiated" - -
- - - [12/Jun/2017 16:59:35] "Execution Terminated" - -
- - - [12/Jun/2017 16:59:53] "Execution Initiated" - -
C019531 - - [12/Jun/2017 16:59:55] "GET /dados?search=Rio2016&total=10&time=1 HTTP/1.1" 200 -
C019531 - - [12/Jun/2017 16:59:55] "GET /favicon.ico HTTP/1.1" 404 -
- - - [12/Jun/2017 17:01:15] "Execution Terminated" - -
- - - [12/Jun/2017 17:09:11] "Execution Initiated" - -
- - - [12/Jun/2017 17:09:39] "Execution Terminated" - -
- - - [12/Jun/2017 17:09:58] "Execution Initiated" - -
- - - [12/Jun/2017 17:10:15] "Execution Terminated" - -
- - - [12/Jun/2017 17:10:36] "Execution Initiated" - -
- - - [12/Jun/2017 17:10:41] "Execution Terminated" - -
- - - [12/Jun/2017 17:12:05] "Execution Initiated" - -
- - - [12/Jun/2017 17:12:26] "Execution Terminated" - -
- - - [12/Jun/2017 17:12:39] "Execution Initiated" - -
C019531 - - [12/Jun/2017 17:12:41] "GET /dados?search=Rio2016&total=10&time=1 HTTP/1.1" 200 -
C019531 - - [12/Jun/2017 17:12:41] "GET /favicon.ico HTTP/1.1" 404 -
C019531 - - [12/Jun/2017 17:13:02] "GET /dados?search=Rio2016&total=10&time=5 HTTP/1.1" 200 -
C019531 - - [12/Jun/2017 17:13:11] "GET /dados?search=Rio2016&total=10&time=5m HTTP/1.1" 200 -
C019531 - - [12/Jun/2017 17:13:20] "GET /dados?search=Rio2016&total=10&time=5h HTTP/1.1" 200 -
C019531 - - [12/Jun/2017 17:13:30] "GET /dados?search=Rio2016&total=10&time=5h HTTP/1.1" 200 -
C019531 - - [12/Jun/2017 17:13:30] "GET /favicon.ico HTTP/1.1" 404 -
C019531 - - [12/Jun/2017 17:15:51] "GET /dados?search=Brasil&total=10&time=5h HTTP/1.1" 200 -
C019531 - - [12/Jun/2017 17:16:32] "GET /dados?search=olympics&total=10&time=5h HTTP/1.1" 200 -
- - - [12/Jun/2017 17:17:05] "Execution Terminated" - -
- - - [13/Jun/2017 09:58:33] "Execution Initiated" - -
C019531 - - [13/Jun/2017 09:59:00] "GET / HTTP/1.1" 200 -
- - - [13/Jun/2017 09:59:37] "Execution Terminated" - -
- - - [13/Jun/2017 10:02:26] "Execution Initiated" - -
- - - [13/Jun/2017 10:02:38] "Execution Terminated" - -
- - - [13/Jun/2017 10:02:59] "Execution Initiated" - -
- - - [13/Jun/2017 10:03:05] "Execution Terminated" - -
- - - [13/Jun/2017 10:03:38] "Execution Initiated" - -
C019531 - - [13/Jun/2017 10:03:40] "GET /dados HTTP/1.1" 200 -
C019531 - - [13/Jun/2017 10:03:55] "GET /dados?search=Rio2016&total=10&time=5h HTTP/1.1" 200 -
- - - [13/Jun/2017 10:04:19] "Execution Terminated" - -
- - - [13/Jun/2017 10:04:39] "Execution Initiated" - -
C019531 - - [13/Jun/2017 10:04:40] "GET /dados?search=Rio2016&total=10&time=1d HTTP/1.1" 200 -
C019531 - - [13/Jun/2017 10:04:49] "GET /dados?search=Rio2016&total=10&time=1h HTTP/1.1" 200 -
C019531 - - [13/Jun/2017 10:04:54] "GET /dados?search=Rio2016&total=10&time=1d HTTP/1.1" 200 -
C019531 - - [13/Jun/2017 10:05:02] "GET /dados?search=Rio2016&total=100&time=1d HTTP/1.1" 200 -
- - - [13/Jun/2017 10:05:19] "Execution Terminated" - -
- - - [13/Jun/2017 10:05:40] "Execution Initiated" - -
C019531 - - [13/Jun/2017 10:05:46] "GET /status HTTP/1.1" 200 -
- - - [13/Jun/2017 10:05:55] "Execution Terminated" - -
- - - [13/Jun/2017 14:23:45] "Execution Initiated" - -
C019531 - - [13/Jun/2017 14:27:59] "GET / HTTP/1.1" 200 -
C019531 - - [13/Jun/2017 14:28:00] "GET /favicon.ico HTTP/1.1" 404 -
C019531 - - [13/Jun/2017 14:28:30] "GET / HTTP/1.1" 200 -
C019531 - - [13/Jun/2017 14:28:40] "GET / HTTP/1.1" 200 -
C019531 - - [13/Jun/2017 14:29:21] "GET / HTTP/1.1" 200 -
C019531 - - [13/Jun/2017 14:31:39] "GET / HTTP/1.1" 200 -
C019531 - - [13/Jun/2017 14:33:23] "GET / HTTP/1.1" 200 -
C019531 - - [13/Jun/2017 14:33:53] "GET / HTTP/1.1" 200 -
C019531 - - [13/Jun/2017 14:36:01] "GET / HTTP/1.1" 200 -
C019531 - - [13/Jun/2017 14:36:02] "GET /favicon.ico HTTP/1.1" 404 -
C019531 - - [13/Jun/2017 14:37:08] "GET / HTTP/1.1" 200 -
10.1.60.8 - - [13/Jun/2017 14:43:24] "GET / HTTP/1.1" 200 -
10.1.60.8 - - [13/Jun/2017 14:43:24] "GET /favicon.ico HTTP/1.1" 404 -
10.1.60.8 - - [13/Jun/2017 14:43:44] "GET /satus HTTP/1.1" 404 -
10.1.60.8 - - [13/Jun/2017 14:43:47] "GET /status HTTP/1.1" 200 -
10.1.60.8 - - [13/Jun/2017 14:43:57] "GET /time HTTP/1.1" 404 -
10.1.60.8 - - [13/Jun/2017 14:44:41] "GET /dados HTTP/1.1" 200 -
10.1.60.8 - - [13/Jun/2017 14:44:51] "GET /dados HTTP/1.1" 200 -
C019531 - - [13/Jun/2017 14:45:08] "GET /dados?search=Rio2016&total=10&time=1d HTTP/1.1" 200 -
10.1.60.8 - - [13/Jun/2017 14:45:08] "GET /status HTTP/1.1" 200 -
C019531 - - [13/Jun/2017 14:45:22] "GET /dados?search=Rio2016&total=10&time=2d HTTP/1.1" 200 -
10.1.60.8 - - [13/Jun/2017 14:45:39] "GET /dados?search=Rio2016&total=10&time=2d HTTP/1.1" 200 -
- - - [13/Jun/2017 14:47:57] "Execution Terminated" - -
- - - [13/Jun/2017 14:48:32] "Execution Initiated" - -
C019531 - - [13/Jun/2017 14:48:44] "GET /dados?search=Rio2016&total=20&time=2d HTTP/1.1" 200 -
- - - [13/Jun/2017 14:49:00] "Execution Terminated" - -
- - - [20/Jun/2017 09:44:25] "Execution Initiated" - -
- - - [20/Jun/2017 09:44:40] "Execution Terminated" - -
- - - [27/Jun/2017 11:35:10] "Execution Initiated" - -
C019531 - - [27/Jun/2017 11:37:58] "GET / HTTP/1.1" 200 -
C019531 - - [27/Jun/2017 11:37:59] "GET /favicon.ico HTTP/1.1" 404 -
C019531 - - [27/Jun/2017 11:38:16] "GET /dados?search=Rio2016&total=10&time=1h HTTP/1.1" 200 -
C019531 - - [27/Jun/2017 11:38:33] "GET /dados?search=brasil&total=10&time=1h HTTP/1.1" 200 -
- - - [27/Jun/2017 11:38:41] "Execution Terminated" - -
- - - [27/Jun/2017 11:38:55] "Execution Initiated" - -
C019531 - - [27/Jun/2017 11:39:14] "GET / HTTP/1.1" 200 -
C019531 - - [27/Jun/2017 11:39:21] "GET /status HTTP/1.1" 200 -
C019531 - - [27/Jun/2017 11:39:34] "GET /dados HTTP/1.1" 200 -
- - - [27/Jun/2017 11:39:47] "Execution Terminated" - -
- - - [27/Jun/2017 11:39:49] "Execution Initiated" - -
C019531 - - [27/Jun/2017 11:39:52] "GET /dados HTTP/1.1" 200 -
C019531 - - [27/Jun/2017 11:39:59] "GET /dados?search=Rio2016&total=10&time=1h HTTP/1.1" 200 -
C019531 - - [27/Jun/2017 11:40:07] "GET /dados?search=Rio2016&total=10&time=1h HTTP/1.1" 200 -
C019531 - - [27/Jun/2017 11:40:07] "GET /favicon.ico HTTP/1.1" 404 -
C019531 - - [27/Jun/2017 11:41:36] "GET / HTTP/1.1" 200 -
C019531 - - [27/Jun/2017 11:43:14] "GET / HTTP/1.1" 200 -
10.6.4.18 - - [27/Jun/2017 11:48:17] "GET / HTTP/1.1" 200 -
10.6.4.18 - - [27/Jun/2017 11:48:17] "GET /favicon.ico HTTP/1.1" 404 -
10.6.4.18 - - [27/Jun/2017 11:48:54] "GET /dados?search=Rio2016&total=10&time=1h HTTP/1.1" 200 -
C019531 - - [27/Jun/2017 11:51:38] "GET /dados?search=Rio2016&total=100&time=1h HTTP/1.1" 200 -
- - - [27/Jun/2017 12:11:30] "Execution Terminated" - -
- - - [29/Jun/2017 12:06:21] "Execution Initiated" - -
- - - [29/Jun/2017 12:06:25] "Execution Terminated" - -
- - - [29/Jun/2017 12:07:18] "Execution Initiated" - -
C019531 - - [29/Jun/2017 12:07:25] "GET / HTTP/1.1" 200 -
C019531 - - [29/Jun/2017 12:07:39] "GET /dados?search=Rio2016&total=10&time=1h HTTP/1.1" 200 -
10.6.4.10 - - [29/Jun/2017 14:44:58] "GET / HTTP/1.1" 200 -
10.6.4.10 - - [29/Jun/2017 14:44:58] "GET /favicon.ico HTTP/1.1" 404 -
- - - [29/Jun/2017 16:40:29] "Execution Terminated" - -
C019531 - - [30/Jun/2017 10:12:55] "GET / HTTP/1.1" 200 -
C019531 - - [30/Jun/2017 10:27:40] "GET / HTTP/1.1" 200 -
C019531 - - [30/Jun/2017 10:27:50] "GET /dados?search=Rio2016&total=10&time=1d HTTP/1.1" 200 -
C019531 - - [30/Jun/2017 10:27:55] "GET /dados?search=Rio2016&total=1000&time=1d HTTP/1.1" 200 -
C019531 - - [30/Jun/2017 10:28:10] "GET /dados?search=Rio2016&total=1000&time=1d HTTP/1.1" 200 -
C019531 - - [30/Jun/2017 10:30:25] "GET /dados HTTP/1.1" 200 -
C019531 - - [30/Jun/2017 10:41:14] "GET /dados HTTP/1.1" 200 -
C019531 - - [30/Jun/2017 10:41:21] "GET /dados?search=Rio2016&total=10&time=1d HTTP/1.1" 200 -
C019531 - - [30/Jun/2017 10:41:31] "GET /dados?search=Rio2016&total=10&time= HTTP/1.1" 200 -
- - - [30/Jun/2017 10:49:10] "successful connection to  Redis Server" - -
- - - [30/Jun/2017 10:49:10] "successful connection to  SQLite" - -
- - - [30/Jun/2017 10:50:31] "successful connection to  Redis Server" - -
- - - [30/Jun/2017 10:50:31] "successful connection to  SQLite" - -
- - - [30/Jun/2017 10:52:14] "successful connection to  Redis Server" - -
- - - [30/Jun/2017 10:52:14] "successful connection to  SQLite" - -
- - - [30/Jun/2017 10:52:14] "Execution Initiated" - -
- - - [30/Jun/2017 11:03:21] "Execution Terminated" - -
- - - [30/Jun/2017 11:03:24] "Execution Initiated" - -
- - - [30/Jun/2017 11:03:31] "no database found, creating" - -
C019531 - - [30/Jun/2017 11:03:31] "GET /dados?search=Rio2016&total=10&time=1d HTTP/1.1" 200 -
- - - [30/Jun/2017 11:04:31] "no database found, creating" - -
C019531 - - [30/Jun/2017 11:04:31] "GET /dados?search=Rio2016&total=50&time=1d HTTP/1.1" 200 -
- - - [30/Jun/2017 11:06:13] "Execution Terminated" - -
- - - [30/Jun/2017 11:06:15] "Execution Initiated" - -
- - - [30/Jun/2017 11:06:23] "no database found, creating" - -
C019531 - - [30/Jun/2017 11:06:23] "GET /dados?search=Rio2016&total=25&time=1d HTTP/1.1" 200 -
- - - [30/Jun/2017 11:07:04] "no database found, creating" - -
C019531 - - [30/Jun/2017 11:07:04] "GET /dados?search=Rio2016&total=26&time=1d HTTP/1.1" 200 -
- - - [30/Jun/2017 11:07:39] "Execution Terminated" - -
- - - [30/Jun/2017 11:07:40] "Execution Initiated" - -
- - - [30/Jun/2017 11:07:53] "no database found, creating" - -
C019531 - - [30/Jun/2017 11:07:53] "GET /dados?search=Rio2016&total=26&time=1d HTTP/1.1" 200 -
- - - [30/Jun/2017 11:08:04] "no database found, creating" - -
C019531 - - [30/Jun/2017 11:08:04] "GET /dados?search=Rio2016&total=27&time=1d HTTP/1.1" 200 -
- - - [30/Jun/2017 11:10:19] "no database found, creating" - -
C019531 - - [30/Jun/2017 11:10:19] "GET /dados?search=Olimpiadas&total=27&time=1d HTTP/1.1" 200 -
- - - [30/Jun/2017 11:10:28] "no database found, creating" - -
C019531 - - [30/Jun/2017 11:10:28] "GET /dados?search=Olimpiadas&total=10&time=1d HTTP/1.1" 200 -
- - - [30/Jun/2017 11:11:29] "Execution Terminated" - -
- - - [30/Jun/2017 11:12:49] "Execution Initiated" - -
- - - [30/Jun/2017 11:13:00] "no database found, creating" - -
C019531 - - [30/Jun/2017 11:13:00] "GET /dados?search=Brasil&total=10&time=1d HTTP/1.1" 200 -
- - - [30/Jun/2017 11:13:12] "no database found, creating" - -
C019531 - - [30/Jun/2017 11:13:12] "GET /dados?search=Brazil&total=10&time=1d HTTP/1.1" 200 -
- - - [30/Jun/2017 11:19:36] "Execution Terminated" - -
- - - [30/Jun/2017 11:19:39] "Execution Initiated" - -
- - - [30/Jun/2017 11:21:14] "Execution Terminated" - -
- - - [30/Jun/2017 11:21:17] "Execution Initiated" - -
- - - [30/Jun/2017 11:21:18] "successful connection to  SQLite" - -
C019531 - - [30/Jun/2017 11:21:18] "GET /dados?search=Brazil&total=10&time=1d HTTP/1.1" 200 -
- - - [30/Jun/2017 11:21:29] "successful connection to  SQLite" - -
C019531 - - [30/Jun/2017 11:21:29] "GET /dados?search=Brazil&total=15&time=1d HTTP/1.1" 200 -
- - - [30/Jun/2017 11:22:47] "Execution Terminated" - -
- - - [30/Jun/2017 11:22:49] "Execution Initiated" - -
C019531 - - [30/Jun/2017 11:22:56] "GET /dados?search=Brazil&total=30&time=1d HTTP/1.1" 200 -
C019531 - - [30/Jun/2017 11:23:10] "GET /dados?search=Rio2016&total=30&time=1d HTTP/1.1" 200 -
- - - [30/Jun/2017 11:41:56] "Execution Terminated" - -
- - - [30/Jun/2017 11:41:57] "Execution Initiated" - -
- - - [30/Jun/2017 11:47:41] "Execution Terminated" - -
- - - [30/Jun/2017 11:47:43] "Execution Initiated" - -
- - - [30/Jun/2017 11:47:46] C019531 - - [30/Jun/2017 11:47:46] "GET / HTTP/1.1" 200 -

- - - [30/Jun/2017 11:49:11] "Execution Terminated" - -
- - - [30/Jun/2017 11:49:14] "Execution Initiated" - -
- - - [30/Jun/2017 11:49:18] "GET / HTTP/1.1" 200 -

- - - [30/Jun/2017 12:06:34] "Execution Terminated" - -
- - - [%(asctime)s] "Execution Initiated" - -
- - - [%(asctime)s] "Execution Terminated" - -
- - - [30/Jun/2017 12:12:44] "Execution Initiated" - -
- - - [%(asctime)s] "Execution Terminated" - -
- - - [30/Jun/2017 12:16:22] "Execution Initiated" - -
- - - [30/Jun/2017 12:17:49] "Execution Terminated" - -
- - - [30/Jun/2017 12:17:50] "Execution Initiated" - -
- - - [30/Jun/2017 12:19:27] "Execution Terminated" - -
- - - [30/Jun/2017 12:19:28] "Execution Initiated" - -
- - - [30/Jun/2017 12:28:34] "Execution Terminated" - -
- - - [30/Jun/2017 12:28:35] "Execution Initiated" - -
C019531 - - [30/Jun/2017 12:28:38] "GET / HTTP/1.1" 200 -

C019531 - - [30/Jun/2017 12:28:56] "GET /status HTTP/1.1" 200 -

- - - [30/Jun/2017 12:29:16] "Execution Terminated" - -
- - - [30/Jun/2017 12:29:17] "Execution Initiated" - -
C019531 - - [30/Jun/2017 12:29:21] "GET /status HTTP/1.1" 200 -
C019531 - - [30/Jun/2017 12:29:26] "GET / HTTP/1.1" 200 -
C019531 - - [30/Jun/2017 12:29:33] "GET /dados?search=Rio2016&total=10&time=1d HTTP/1.1" 200 -
C019531 - - [30/Jun/2017 12:29:39] "GET /dados?search=Rio2016&total=10&time=2d HTTP/1.1" 200 -
- - - [30/Jun/2017 15:57:11] "Execution Terminated" - -
- - - [17/Jul/2017 14:44:23] "Execution Initiated" - -
- - - [17/Jul/2017 14:44:39] "Execution Terminated" - -
- - - [17/Jul/2017 14:50:51] "Execution Initiated" - -
- - - [17/Jul/2017 14:52:33] "Execution Initiated" - -
- - - [17/Jul/2017 14:54:39] "Execution Initiated" - -
- - - [17/Jul/2017 14:55:42] "Execution Initiated" - -
- - - [17/Jul/2017 17:30:03] "Execution Initiated" - -
- - - [17/Jul/2017 17:30:27] "Execution Initiated" - -
- - - [18/Jul/2017 10:19:46] "Execution Initiated" - -
- - - [18/Jul/2017 10:21:29] "Execution Initiated" - -
- - - [18/Jul/2017 10:21:46] "Execution Initiated" - -
- - - [18/Jul/2017 10:24:51] "Execution Terminated" - -
- - - [18/Jul/2017 10:25:13] "Execution Terminated" - -
- - - [18/Jul/2017 10:25:14] "Execution Terminated" - -
- - - [18/Jul/2017 10:26:17] "Execution Initiated" - -
- - - [18/Jul/2017 10:26:34] "Execution Terminated" - -
- - - [18/Jul/2017 10:31:03] "Execution Terminated" - -
- - - [18/Jul/2017 10:34:09] "Execution Initiated" - -
C019531 - - [18/Jul/2017 10:34:19] "GET / HTTP/1.1" 200 -
C019531 - - [18/Jul/2017 10:34:19] "GET /favicon.ico HTTP/1.1" 404 -
- - - [18/Jul/2017 10:34:28] "Execution Terminated" - -
- - - [18/Jul/2017 10:35:05] "Execution Initiated" - -
- - - [18/Jul/2017 10:38:05] "Execution Initiated" - -
- - - [18/Jul/2017 10:39:45] "Execution Initiated" - -
- - - [18/Jul/2017 10:40:01] "Execution Terminated" - -
- - - [18/Jul/2017 10:53:18] "Execution Initiated" - -
- - - [18/Jul/2017 10:53:58] "Execution Initiated" - -
- - - [18/Jul/2017 11:00:31] "Execution Initiated" - -
- - - [18/Jul/2017 11:00:49] "Execution Initiated" - -
- - - [18/Jul/2017 11:06:13] "Execution Initiated" - -
- - - [18/Jul/2017 11:07:33] "Execution Initiated" - -
- - - [18/Jul/2017 11:08:26] "Execution Initiated" - -
- - - [18/Jul/2017 11:42:43] "Execution Initiated" - -
- - - [18/Jul/2017 11:44:36] "Execution Initiated" - -
- - - [18/Jul/2017 11:44:58] "Execution Initiated" - -
- - - [18/Jul/2017 11:47:22] "Execution Initiated" - -
- - - [18/Jul/2017 11:47:43] "Execution Initiated" - -
- - - [18/Jul/2017 11:48:40] "Execution Initiated" - -
- - - [18/Jul/2017 11:49:12] "Execution Initiated" - -
- - - [18/Jul/2017 11:51:00] "Execution Initiated" - -
- - - [18/Jul/2017 12:14:03] "Execution Terminated" - -
C019531 - - [18/Jul/2017 12:14:10] "GET / HTTP/1.1" 200 -
C019531 - - [18/Jul/2017 12:14:10] "GET /favicon.ico HTTP/1.1" 404 -
C019531 - - [18/Jul/2017 12:14:26] "GET /dados HTTP/1.1" 200 -
- - - [18/Jul/2017 12:14:32] "Execution Terminated" - -
- - - [18/Jul/2017 12:14:35] "Execution Terminated" - -
- - - [18/Jul/2017 12:16:07] "Execution Initiated" - -
- - - [18/Jul/2017 12:16:20] "Execution Terminated" - -
- - - [18/Jul/2017 12:16:41] "Execution Initiated" - -
- - - [18/Jul/2017 12:17:24] "Execution Initiated" - -
- - - [18/Jul/2017 12:18:52] "Execution Initiated" - -
- - - [18/Jul/2017 12:20:22] "Execution Initiated" - -
- - - [18/Jul/2017 12:25:23] "Execution Initiated" - -
C019531 - - [18/Jul/2017 12:25:36] "GET /status HTTP/1.1" 200 -
- - - [18/Jul/2017 12:25:40] "Execution Terminated" - -
- - - [18/Jul/2017 12:26:56] "Execution Initiated" - -
- - - [18/Jul/2017 12:27:18] "Execution Initiated" - -
- - - [18/Jul/2017 12:27:53] "Execution Initiated" - -
- - - [18/Jul/2017 12:28:35] "Execution Initiated" - -
- - - [18/Jul/2017 12:29:37] "Execution Initiated" - -
- - - [18/Jul/2017 12:29:38] "Execution Terminated" - -
- - - [18/Jul/2017 13:04:28] "Execution Initiated" - -
- - - [18/Jul/2017 13:04:46] "Execution Initiated" - -
C019531 - - [18/Jul/2017 13:08:32] "GET /status HTTP/1.1" 200 -
C019531 - - [18/Jul/2017 13:08:36] "GET /status HTTP/1.1" 200 -
C019531 - - [18/Jul/2017 13:08:40] "GET / HTTP/1.1" 200 -
- - - [18/Jul/2017 13:18:41] "Execution Initiated" - -
- - - [18/Jul/2017 13:19:02] "Execution Terminated" - -
- - - [18/Jul/2017 16:22:41] "Execution Initiated" - -
- - - [18/Jul/2017 16:22:52] "Execution Terminated" - -
- - - [18/Jul/2017 16:30:24] "Execution Initiated" - -
- - - [18/Jul/2017 16:32:16] "Execution Initiated" - -
- - - [18/Jul/2017 16:32:44] "Execution Initiated" - -
- - - [18/Jul/2017 16:50:13] "Execution Initiated" - -
- - - [18/Jul/2017 16:50:45] "Execution Initiated" - -
- - - [18/Jul/2017 16:51:35] "Execution Initiated" - -
- - - [18/Jul/2017 16:54:15] "Execution Initiated" - -
- - - [18/Jul/2017 16:55:28] "Execution Initiated" - -
C019531 - - [18/Jul/2017 16:55:35] "GET / HTTP/1.1" 200 -
C019531 - - [18/Jul/2017 16:55:41] "GET /status HTTP/1.1" 200 -
- - - [18/Jul/2017 16:55:45] "Execution Terminated" - -
- - - [18/Jul/2017 16:55:53] "Execution Initiated" - -
- - - [18/Jul/2017 16:55:55] "Execution Terminated" - -
- - - [19/Jul/2017 08:52:42] "Execution Initiated" - -
C019531 - - [19/Jul/2017 08:52:46] "GET / HTTP/1.1" 200 -
C019531 - - [19/Jul/2017 10:57:59] "GET / HTTP/1.1" 200 -
C019531 - - [19/Jul/2017 10:57:59] "GET /assets/css/threadsnake.css HTTP/1.1" 404 -
C019531 - - [19/Jul/2017 10:57:59] "GET /assets/js/threadsnake.js HTTP/1.1" 404 -
C019531 - - [19/Jul/2017 10:58:09] "GET /assets/css/threadsnake.css HTTP/1.1" 404 -
C019531 - - [19/Jul/2017 10:58:25] "GET / HTTP/1.1" 200 -
C019531 - - [19/Jul/2017 10:58:25] "GET /assets/css/threadsnake.css HTTP/1.1" 404 -
C019531 - - [19/Jul/2017 10:58:25] "GET /assets/js/threadsnake.js HTTP/1.1" 404 -
C019531 - - [19/Jul/2017 10:59:01] "GET /assets/js/threadsnake.js HTTP/1.1" 404 -
C019531 - - [19/Jul/2017 10:59:51] "GET / HTTP/1.1" 200 -
C019531 - - [19/Jul/2017 10:59:51] "GET /threadsnake.js HTTP/1.1" 404 -
C019531 - - [19/Jul/2017 10:59:51] "GET /assets/css/threadsnake.css HTTP/1.1" 404 -
C019531 - - [19/Jul/2017 10:59:53] "GET /assets/css/threadsnake.css HTTP/1.1" 404 -
C019531 - - [19/Jul/2017 11:00:05] "GET / HTTP/1.1" 200 -
C019531 - - [19/Jul/2017 11:00:05] "GET /assets/css/threadsnake.css HTTP/1.1" 404 -
C019531 - - [19/Jul/2017 11:00:05] "GET /threadsnake.js HTTP/1.1" 404 -
C019531 - - [19/Jul/2017 11:00:16] "GET /threadsnake.js HTTP/1.1" 404 -
- - - [19/Jul/2017 11:00:32] "Execution Terminated" - -
- - - [19/Jul/2017 11:08:03] "Execution Initiated" - -
C019531 - - [19/Jul/2017 11:08:06] "GET /threadsnake.js HTTP/1.1" 404 -
C019531 - - [19/Jul/2017 11:08:53] "GET / HTTP/1.1" 200 -
C019531 - - [19/Jul/2017 11:08:53] "GET /assets/css/threadsnake.css HTTP/1.1" 404 -
C019531 - - [19/Jul/2017 11:08:53] "GET /assets/js/threadsnake.js HTTP/1.1" 404 -
C019531 - - [19/Jul/2017 11:08:56] "GET /assets/css/threadsnake.css HTTP/1.1" 404 -
C019531 - - [19/Jul/2017 11:09:25] "GET / HTTP/1.1" 200 -
C019531 - - [19/Jul/2017 11:09:25] "GET /assets/css/threadsnake.css HTTP/1.1" 404 -
C019531 - - [19/Jul/2017 11:09:25] "GET /assets/js/threadsnake.js HTTP/1.1" 404 -
C019531 - - [19/Jul/2017 11:09:41] "GET /assets/js/threadsnake.js HTTP/1.1" 404 -
- - - [19/Jul/2017 11:09:55] "Execution Terminated" - -
- - - [19/Jul/2017 11:11:34] "Execution Initiated" - -
C019531 - - [19/Jul/2017 11:11:38] "GET /assets/js/threadsnake.js HTTP/1.1" 200 -
C019531 - - [19/Jul/2017 11:11:43] "GET / HTTP/1.1" 200 -
C019531 - - [19/Jul/2017 11:11:43] "GET /assets/css/threadsnake.css HTTP/1.1" 404 -
C019531 - - [19/Jul/2017 11:11:43] "GET /assets/js/threadsnake.js HTTP/1.1" 200 -
C019531 - - [19/Jul/2017 11:12:57] "GET / HTTP/1.1" 200 -
C019531 - - [19/Jul/2017 11:12:57] "GET /assets/css/threadsnake.css HTTP/1.1" 404 -
C019531 - - [19/Jul/2017 11:12:57] "GET /assets/js/threadsnake.js HTTP/1.1" 200 -
C019531 - - [19/Jul/2017 11:13:07] "GET / HTTP/1.1" 200 -
C019531 - - [19/Jul/2017 11:13:07] "GET /assets/css/threadsnake.css HTTP/1.1" 404 -
C019531 - - [19/Jul/2017 11:13:07] "GET /assets/js/threadsnake.js HTTP/1.1" 200 -
C019531 - - [19/Jul/2017 11:14:38] "GET / HTTP/1.1" 200 -
C019531 - - [19/Jul/2017 11:14:38] "GET /assets/js/threadsnake.js HTTP/1.1" 200 -
C019531 - - [19/Jul/2017 11:15:06] "GET / HTTP/1.1" 200 -
C019531 - - [19/Jul/2017 11:15:06] "GET /assets/js/threadsnake.js HTTP/1.1" 200 -
C019531 - - [19/Jul/2017 11:16:08] "GET / HTTP/1.1" 200 -
C019531 - - [19/Jul/2017 11:16:08] "GET /assets/js/threadsnake.js HTTP/1.1" 200 -
- - - [19/Jul/2017 11:20:09] "Execution Terminated" - -
- - - [19/Jul/2017 12:06:28] "Execution Initiated" - -
C019531 - - [19/Jul/2017 12:10:02] "GET / HTTP/1.1" 200 -
C019531 - - [19/Jul/2017 12:10:02] "GET /assets/js/threadsnake.js HTTP/1.1" 200 -
C019531 - - [19/Jul/2017 12:10:28] "GET /status HTTP/1.1" 200 -
- - - [19/Jul/2017 12:12:18] "Execution Terminated" - -
- - - [19/Jul/2017 13:44:38] "Execution Initiated" - -
- - - [19/Jul/2017 13:47:26] "Execution Terminated" - -
- - - [19/Jul/2017 13:47:29] "Execution Initiated" - -
- - - [19/Jul/2017 13:47:53] "Execution Terminated" - -
- - - [19/Jul/2017 14:20:08] "Execution Initiated" - -
- - - [19/Jul/2017 14:20:19] "Execution Terminated" - -
- - - [19/Jul/2017 14:22:02] "Execution Initiated" - -
C019531 - - [19/Jul/2017 14:22:08] "GET /dados?search=Rio2016&total=10&time=1h HTTP/1.1" 200 -
C019531 - - [19/Jul/2017 14:22:08] "GET /favicon.ico HTTP/1.1" 404 -
C019531 - - [19/Jul/2017 14:24:57] "GET /dados?search=Rio2016&total=10&time=1h HTTP/1.1" 200 -
- - - [19/Jul/2017 14:26:48] "Execution Terminated" - -
- - - [19/Jul/2017 14:35:17] "Execution Initiated" - -
C019531 - - [19/Jul/2017 14:35:51] "GET /dados?search=Rio2016&total=10&time=1h HTTP/1.1" 200 -
C019531 - - [19/Jul/2017 14:35:56] "GET /dados?search=Rio2016&total=10&time=2h HTTP/1.1" 200 -
C019531 - - [19/Jul/2017 14:36:03] "GET /dados?search=Rio2016&total=100&time=1h HTTP/1.1" 200 -
- - - [19/Jul/2017 14:36:31] "Execution Initiated" - -
- - - [19/Jul/2017 15:01:56] "Execution Initiated" - -
- - - [19/Jul/2017 15:02:14] "Execution Initiated" - -
- - - [19/Jul/2017 15:07:42] "Execution Initiated" - -
- - - [19/Jul/2017 15:10:46] "Execution Initiated" - -
- - - [19/Jul/2017 15:12:37] "Execution Initiated" - -
- - - [19/Jul/2017 15:14:23] "Execution Initiated" - -
C019531 - - [19/Jul/2017 15:14:47] "GET / HTTP/1.1" 200 -
C019531 - - [19/Jul/2017 15:14:47] "GET /assets/js/threadsnake.js HTTP/1.1" 200 -
C019531 - - [19/Jul/2017 15:14:59] "GET /status HTTP/1.1" 200 -
C019531 - - [19/Jul/2017 15:15:06] "GET /dados?search=Rio2016&total=10&time=1d HTTP/1.1" 200 -
C019531 - - [19/Jul/2017 15:15:13] "GET /dados?search=Rio2016&total=100&time=1d HTTP/1.1" 200 -
- - - [19/Jul/2017 16:33:06] "Execution Initiated" - -
C019531 - - [19/Jul/2017 16:33:30] "GET /dados?search=Rio2016&total=100&time=1d HTTP/1.1" 200 -
C019531 - - [19/Jul/2017 16:33:30] "GET /favicon.ico HTTP/1.1" 404 -
C019531 - - [19/Jul/2017 16:33:55] "GET / HTTP/1.1" 200 -
C019531 - - [19/Jul/2017 16:33:55] "GET /assets/js/threadsnake.js HTTP/1.1" 200 -
10.6.4.18 - - [19/Jul/2017 16:36:18] "GET / HTTP/1.1" 200 -
10.6.4.18 - - [19/Jul/2017 16:36:18] "GET /assets/js/threadsnake.js HTTP/1.1" 200 -
10.6.4.18 - - [19/Jul/2017 16:36:18] "GET /favicon.ico HTTP/1.1" 404 -
10.6.4.18 - - [19/Jul/2017 16:37:43] "GET /status HTTP/1.1" 200 -
10.6.4.18 - - [19/Jul/2017 16:38:00] "GET /dados HTTP/1.1" 200 -
10.6.4.18 - - [19/Jul/2017 16:38:35] "GET /dados?search=Rio2016&total=10&time=1h HTTP/1.1" 200 -
10.6.4.18 - - [19/Jul/2017 16:38:44] "GET /dados?search=Rio2016&total=10&time=5h HTTP/1.1" 200 -
10.6.4.18 - - [19/Jul/2017 16:38:59] "GET /dados?search=Rio2016&total=20&time=5h HTTP/1.1" 200 -
10.6.4.18 - - [19/Jul/2017 16:39:19] "GET /dados?search=Olim%C3%ADadas&total=20&time=5h HTTP/1.1" 200 -
10.6.4.18 - - [19/Jul/2017 16:39:29] "GET /dados?search=Olimpiadas&total=20&time=5h HTTP/1.1" 200 -
